0 info it worked if it ends with ok
1 verbose cli [ 'node',
1 verbose cli   '/usr/local/bin/npm',
1 verbose cli   'install',
1 verbose cli   '#note',
1 verbose cli   'bower',
1 verbose cli   'install',
1 verbose cli   'is',
1 verbose cli   'run',
1 verbose cli   'on',
1 verbose cli   'post',
1 verbose cli   'install' ]
2 info using npm@1.4.21
3 info using node@v0.10.30
4 warn package.json jessesmanager2@0.0.0 No description
5 warn package.json jessesmanager2@0.0.0 No repository field.
6 warn package.json jessesmanager2@0.0.0 No README data
7 verbose readDependencies using package.json deps
8 verbose cache add [ '#note', null ]
9 verbose cache add name=undefined spec="#note" args=["#note",null]
10 verbose parsed url { protocol: null,
10 verbose parsed url   slashes: null,
10 verbose parsed url   auth: null,
10 verbose parsed url   host: null,
10 verbose parsed url   port: null,
10 verbose parsed url   hostname: null,
10 verbose parsed url   hash: '#note',
10 verbose parsed url   search: null,
10 verbose parsed url   query: null,
10 verbose parsed url   pathname: null,
10 verbose parsed url   path: null,
10 verbose parsed url   href: '#note' }
11 verbose cache add [ 'bower', null ]
12 verbose cache add name=undefined spec="bower" args=["bower",null]
13 verbose parsed url { protocol: null,
13 verbose parsed url   slashes: null,
13 verbose parsed url   auth: null,
13 verbose parsed url   host: null,
13 verbose parsed url   port: null,
13 verbose parsed url   hostname: null,
13 verbose parsed url   hash: null,
13 verbose parsed url   search: null,
13 verbose parsed url   query: null,
13 verbose parsed url   pathname: 'bower',
13 verbose parsed url   path: 'bower',
13 verbose parsed url   href: 'bower' }
14 verbose cache add [ 'install', null ]
15 verbose cache add name=undefined spec="install" args=["install",null]
16 verbose parsed url { protocol: null,
16 verbose parsed url   slashes: null,
16 verbose parsed url   auth: null,
16 verbose parsed url   host: null,
16 verbose parsed url   port: null,
16 verbose parsed url   hostname: null,
16 verbose parsed url   hash: null,
16 verbose parsed url   search: null,
16 verbose parsed url   query: null,
16 verbose parsed url   pathname: 'install',
16 verbose parsed url   path: 'install',
16 verbose parsed url   href: 'install' }
17 verbose cache add [ 'is', null ]
18 verbose cache add name=undefined spec="is" args=["is",null]
19 verbose parsed url { protocol: null,
19 verbose parsed url   slashes: null,
19 verbose parsed url   auth: null,
19 verbose parsed url   host: null,
19 verbose parsed url   port: null,
19 verbose parsed url   hostname: null,
19 verbose parsed url   hash: null,
19 verbose parsed url   search: null,
19 verbose parsed url   query: null,
19 verbose parsed url   pathname: 'is',
19 verbose parsed url   path: 'is',
19 verbose parsed url   href: 'is' }
20 verbose cache add [ 'run', null ]
21 verbose cache add name=undefined spec="run" args=["run",null]
22 verbose parsed url { protocol: null,
22 verbose parsed url   slashes: null,
22 verbose parsed url   auth: null,
22 verbose parsed url   host: null,
22 verbose parsed url   port: null,
22 verbose parsed url   hostname: null,
22 verbose parsed url   hash: null,
22 verbose parsed url   search: null,
22 verbose parsed url   query: null,
22 verbose parsed url   pathname: 'run',
22 verbose parsed url   path: 'run',
22 verbose parsed url   href: 'run' }
23 verbose cache add [ 'on', null ]
24 verbose cache add name=undefined spec="on" args=["on",null]
25 verbose parsed url { protocol: null,
25 verbose parsed url   slashes: null,
25 verbose parsed url   auth: null,
25 verbose parsed url   host: null,
25 verbose parsed url   port: null,
25 verbose parsed url   hostname: null,
25 verbose parsed url   hash: null,
25 verbose parsed url   search: null,
25 verbose parsed url   query: null,
25 verbose parsed url   pathname: 'on',
25 verbose parsed url   path: 'on',
25 verbose parsed url   href: 'on' }
26 verbose cache add [ 'post', null ]
27 verbose cache add name=undefined spec="post" args=["post",null]
28 verbose parsed url { protocol: null,
28 verbose parsed url   slashes: null,
28 verbose parsed url   auth: null,
28 verbose parsed url   host: null,
28 verbose parsed url   port: null,
28 verbose parsed url   hostname: null,
28 verbose parsed url   hash: null,
28 verbose parsed url   search: null,
28 verbose parsed url   query: null,
28 verbose parsed url   pathname: 'post',
28 verbose parsed url   path: 'post',
28 verbose parsed url   href: 'post' }
29 verbose cache add [ 'install', null ]
30 verbose cache add name=undefined spec="install" args=["install",null]
31 verbose parsed url { protocol: null,
31 verbose parsed url   slashes: null,
31 verbose parsed url   auth: null,
31 verbose parsed url   host: null,
31 verbose parsed url   port: null,
31 verbose parsed url   hostname: null,
31 verbose parsed url   hash: null,
31 verbose parsed url   search: null,
31 verbose parsed url   query: null,
31 verbose parsed url   pathname: 'install',
31 verbose parsed url   path: 'install',
31 verbose parsed url   href: 'install' }
32 silly lockFile ed4d7822-note #note
33 verbose lock #note /Users/spatel/.npm/ed4d7822-note.lock
34 silly lockFile 206e3ce5-bower bower
35 verbose lock bower /Users/spatel/.npm/206e3ce5-bower.lock
36 silly lockFile 89fb511f-install install
37 verbose lock install /Users/spatel/.npm/89fb511f-install.lock
38 silly lockFile b47f363e-is is
39 verbose lock is /Users/spatel/.npm/b47f363e-is.lock
40 silly lockFile df6ad190-run run
41 verbose lock run /Users/spatel/.npm/df6ad190-run.lock
42 silly lockFile db3d405b-on on
43 verbose lock on /Users/spatel/.npm/db3d405b-on.lock
44 silly lockFile 9b466094-post post
45 verbose lock post /Users/spatel/.npm/9b466094-post.lock
46 silly lockFile 89fb511f-install install
47 verbose lock install /Users/spatel/.npm/89fb511f-install.lock
48 silly lockFile ed4d7822-note #note
49 silly lockFile ed4d7822-note #note
50 silly lockFile 89fb511f-install install
51 silly lockFile 89fb511f-install install
52 silly lockFile 206e3ce5-bower bower
53 silly lockFile 206e3ce5-bower bower
54 silly lockFile b47f363e-is is
55 silly lockFile b47f363e-is is
56 silly lockFile df6ad190-run run
57 silly lockFile df6ad190-run run
58 silly lockFile db3d405b-on on
59 silly lockFile db3d405b-on on
60 silly lockFile 9b466094-post post
61 silly lockFile 9b466094-post post
62 verbose addNamed [ '#note', '' ]
63 verbose addNamed [ null, '*' ]
64 silly lockFile ef6eb900-note #note@
65 verbose lock #note@ /Users/spatel/.npm/ef6eb900-note.lock
66 verbose addNamed [ 'install', '' ]
67 verbose addNamed [ null, '*' ]
68 silly lockFile cadb329f-install install@
69 verbose lock install@ /Users/spatel/.npm/cadb329f-install.lock
70 verbose addNamed [ 'bower', '' ]
71 verbose addNamed [ null, '*' ]
72 silly lockFile 1240aab1-bower bower@
73 verbose lock bower@ /Users/spatel/.npm/1240aab1-bower.lock
74 verbose addNamed [ 'is', '' ]
75 verbose addNamed [ null, '*' ]
76 silly lockFile 3af4f249-is is@
77 verbose lock is@ /Users/spatel/.npm/3af4f249-is.lock
78 verbose addNamed [ 'run', '' ]
79 verbose addNamed [ null, '*' ]
80 silly lockFile 965bbaaa-run run@
81 verbose lock run@ /Users/spatel/.npm/965bbaaa-run.lock
82 verbose addNamed [ 'on', '' ]
83 verbose addNamed [ null, '*' ]
84 silly lockFile c23bb2c8-on on@
85 verbose lock on@ /Users/spatel/.npm/c23bb2c8-on.lock
86 verbose addNamed [ 'post', '' ]
87 verbose addNamed [ null, '*' ]
88 silly lockFile 925894f8-post post@
89 verbose lock post@ /Users/spatel/.npm/925894f8-post.lock
90 silly addNameRange { name: '#note', range: '*', hasData: false }
91 silly addNameRange { name: 'install', range: '*', hasData: false }
92 silly addNameRange { name: 'bower', range: '*', hasData: false }
93 silly addNameRange { name: 'is', range: '*', hasData: false }
94 silly addNameRange { name: 'run', range: '*', hasData: false }
95 silly addNameRange { name: 'on', range: '*', hasData: false }
96 verbose request where is /
97 verbose request registry https://registry.npmjs.org/#note
98 verbose request id 280b23852290c842
99 verbose url raw /
100 verbose url resolving [ 'https://registry.npmjs.org/#note', './' ]
101 verbose url resolved https://registry.npmjs.org/
102 verbose request where is https://registry.npmjs.org/
103 info trying registry request attempt 1 at 11:13:50
104 http GET https://registry.npmjs.org/
105 silly addNameRange { name: 'post', range: '*', hasData: false }
106 verbose request where is /install
107 verbose request registry https://registry.npmjs.org/
108 verbose url raw /install
109 verbose url resolving [ 'https://registry.npmjs.org/', './install' ]
110 verbose url resolved https://registry.npmjs.org/install
111 verbose request where is https://registry.npmjs.org/install
112 info trying registry request attempt 1 at 11:13:50
113 http GET https://registry.npmjs.org/install
114 verbose request where is /bower
115 verbose request registry https://registry.npmjs.org/
116 verbose url raw /bower
117 verbose url resolving [ 'https://registry.npmjs.org/', './bower' ]
118 verbose url resolved https://registry.npmjs.org/bower
119 verbose request where is https://registry.npmjs.org/bower
120 info trying registry request attempt 1 at 11:13:50
121 http GET https://registry.npmjs.org/bower
122 verbose request where is /is
123 verbose request registry https://registry.npmjs.org/
124 verbose url raw /is
125 verbose url resolving [ 'https://registry.npmjs.org/', './is' ]
126 verbose url resolved https://registry.npmjs.org/is
127 verbose request where is https://registry.npmjs.org/is
128 info trying registry request attempt 1 at 11:13:50
129 http GET https://registry.npmjs.org/is
130 verbose request where is /run
131 verbose request registry https://registry.npmjs.org/
132 verbose url raw /run
133 verbose url resolving [ 'https://registry.npmjs.org/', './run' ]
134 verbose url resolved https://registry.npmjs.org/run
135 verbose request where is https://registry.npmjs.org/run
136 info trying registry request attempt 1 at 11:13:50
137 http GET https://registry.npmjs.org/run
138 verbose request where is /on
139 verbose request registry https://registry.npmjs.org/
140 verbose url raw /on
141 verbose url resolving [ 'https://registry.npmjs.org/', './on' ]
142 verbose url resolved https://registry.npmjs.org/on
143 verbose request where is https://registry.npmjs.org/on
144 info trying registry request attempt 1 at 11:13:50
145 http GET https://registry.npmjs.org/on
146 verbose request where is /post
147 verbose request registry https://registry.npmjs.org/
148 verbose url raw /post
149 verbose url resolving [ 'https://registry.npmjs.org/', './post' ]
150 verbose url resolved https://registry.npmjs.org/post
151 verbose request where is https://registry.npmjs.org/post
152 info trying registry request attempt 1 at 11:13:50
153 http GET https://registry.npmjs.org/post
154 silly lockFile 89fb511f-install install
155 silly lockFile 89fb511f-install install
156 verbose addNamed [ 'install', '' ]
157 http 200 https://registry.npmjs.org/
158 silly registry.get cb [ 200,
158 silly registry.get   { date: 'Mon, 15 Dec 2014 16:13:52 GMT',
158 silly registry.get     server: 'CouchDB/1.5.0 (Erlang OTP/R16B03)',
158 silly registry.get     'content-type': 'text/plain; charset=utf-8',
158 silly registry.get     'cache-control': 'max-age=60',
158 silly registry.get     'content-length': '259',
158 silly registry.get     'accept-ranges': 'bytes',
158 silly registry.get     via: '1.1 varnish',
158 silly registry.get     age: '44',
158 silly registry.get     'x-served-by': 'cache-atl6227-ATL',
158 silly registry.get     'x-cache': 'HIT',
158 silly registry.get     'x-cache-hits': '3',
158 silly registry.get     'x-timer': 'S1418660032.335438,VS0,VE0',
158 silly registry.get     'keep-alive': 'timeout=10, max=50',
158 silly registry.get     connection: 'Keep-Alive' } ]
159 silly addNameRange number 2 { name: '#note', range: '*', hasData: true }
160 silly addNameRange versions [ undefined, [] ]
161 error TypeError: Cannot read property 'latest' of undefined
161 error     at next (/usr/local/lib/node_modules/npm/lib/cache/add-named.js:219:35)
161 error     at /usr/local/lib/node_modules/npm/lib/cache/add-named.js:207:5
161 error     at saved (/usr/local/lib/node_modules/npm/node_modules/npm-registry-client/lib/get.js:167:7)
161 error     at Object.oncomplete (fs.js:107:15)
162 error If you need help, you may report this *entire* log,
162 error including the npm and node versions, at:
162 error     <http://github.com/npm/npm/issues>
163 error System Darwin 14.0.0
164 error command "node" "/usr/local/bin/npm" "install" "#note" "bower" "install" "is" "run" "on" "post" "install"
165 error cwd /Users/spatel/Projects/Jesse/jessesManager
166 error node -v v0.10.30
167 error npm -v 1.4.21
168 error type non_object_property_load
169 verbose exit [ 1, true ]
